<?xml version="1.0" encoding="UTF-8"?>
<!-- Generated by org.testng.reporters.JUnitReportReporter -->
<testsuite hostname="DESKTOP-PR275NH" failures="0" tests="1" name="com.apitestscript.projecttest.ProjectTest" time="20.244" errors="0" timestamp="2024-08-13T14:37:03 IST" skipped="0">
  <testcase classname="com.apitestscript.projecttest.ProjectTest" name="addSingleProjectWithCreatedTest" time="20.244"/>
</testsuite> <!-- com.apitestscript.projecttest.ProjectTest -->
